<?xml version="1.0" encoding="UTF-8"?>
<!-- Generated by org.testng.reporters.JUnitXMLReporter -->
<testsuite ignored="0" hostname="KarthikPC" failures="0" tests="7" name="Test" time="82.096" errors="0" timestamp="2023-02-21T15:45:50 IST">
  <testcase classname="testCases.TC_001AccountRegistrationTest" name="test_account_Registration" time="5.961"/>
  <testcase classname="testCases.TC_002_LoginTest" name="test_Login" time="3.079"/>
  <testcase classname="testCases.TC_003_LoginDataDrivenTest" name="test_LoginDDT" time="3.612"/>
  <testcase classname="testCases.TC_003_LoginDataDrivenTest" name="test_LoginDDT" time="12.098"/>
  <testcase classname="testCases.TC_003_LoginDataDrivenTest" name="test_LoginDDT" time="11.817"/>
  <testcase classname="testCases.TC_003_LoginDataDrivenTest" name="test_LoginDDT" time="11.686"/>
  <testcase classname="testCases.TC_003_LoginDataDrivenTest" name="test_LoginDDT" time="1.848"/>
</testsuite> <!-- Test -->
