<?xml version="1.0" encoding="UTF-8"?>
<testng-results ignored="0" total="7" passed="7" failed="0" skipped="0">
  <reporter-output>
  </reporter-output>
  <suite started-at="2023-02-21T15:44:27 IST" name="Suite" finished-at="2023-02-21T15:45:49 IST" duration-ms="82096">
    <groups>
      <group name="Master">
        <method signature="TC_001AccountRegistrationTest.test_account_Registration()[pri:0, instance:testCases.TC_001AccountRegistrationTest@6dc17b83]" name="test_account_Registration" class="testCases.TC_001AccountRegistrationTest"/>
        <method signature="TC_002_LoginTest.test_Login()[pri:0, instance:testCases.TC_002_LoginTest@74e52303]" name="test_Login" class="testCases.TC_002_LoginTest"/>
      </group> <!-- Master -->
      <group name="Sanity">
        <method signature="TC_002_LoginTest.test_Login()[pri:0, instance:testCases.TC_002_LoginTest@74e52303]" name="test_Login" class="testCases.TC_002_LoginTest"/>
      </group> <!-- Sanity -->
      <group name="DataDriven">
        <method signature="TC_003_LoginDataDrivenTest.test_LoginDDT(java.lang.String,java.lang.String,java.lang.String)[pri:0, instance:testCases.TC_003_LoginDataDrivenTest@47af7f3d]" name="test_LoginDDT" class="testCases.TC_003_LoginDataDrivenTest"/>
      </group> <!-- DataDriven -->
      <group name="Regression">
        <method signature="TC_001AccountRegistrationTest.test_account_Registration()[pri:0, instance:testCases.TC_001AccountRegistrationTest@6dc17b83]" name="test_account_Registration" class="testCases.TC_001AccountRegistrationTest"/>
      </group> <!-- Regression -->
    </groups>
    <test started-at="2023-02-21T15:44:27 IST" name="Test" finished-at="2023-02-21T15:45:49 IST" duration-ms="82096">
      <class name="testCases.TC_002_LoginTest">
        <test-method is-config="true" signature="setup(java.lang.String)[pri:0, instance:testCases.TC_002_LoginTest@74e52303]" started-at="2023-02-21T15:44:44 IST" name="setup" finished-at="2023-02-21T15:44:52 IST" duration-ms="7447" status="PASS">
          <params>
            <param index="0">
              <value>
                <![CDATA[chrome]]>
              </value>
            </param>
          </params>
          <reporter-output>
          </reporter-output>
        </test-method> <!-- setup -->
        <test-method signature="test_Login()[pri:0, instance:testCases.TC_002_LoginTest@74e52303]" started-at="2023-02-21T15:44:52 IST" name="test_Login" finished-at="2023-02-21T15:44:55 IST" duration-ms="3079" status="PASS">
          <reporter-output>
          </reporter-output>
        </test-method> <!-- test_Login -->
        <test-method is-config="true" signature="tearDown()[pri:0, instance:testCases.TC_002_LoginTest@74e52303]" started-at="2023-02-21T15:44:55 IST" name="tearDown" finished-at="2023-02-21T15:44:55 IST" duration-ms="358" status="PASS">
          <reporter-output>
          </reporter-output>
        </test-method> <!-- tearDown -->
      </class> <!-- testCases.TC_002_LoginTest -->
      <class name="testCases.TC_001AccountRegistrationTest">
        <test-method is-config="true" signature="setup(java.lang.String)[pri:0, instance:testCases.TC_001AccountRegistrationTest@6dc17b83]" started-at="2023-02-21T15:44:28 IST" name="setup" finished-at="2023-02-21T15:44:37 IST" duration-ms="9154" status="PASS">
          <params>
            <param index="0">
              <value>
                <![CDATA[chrome]]>
              </value>
            </param>
          </params>
          <reporter-output>
          </reporter-output>
        </test-method> <!-- setup -->
        <test-method signature="test_account_Registration()[pri:0, instance:testCases.TC_001AccountRegistrationTest@6dc17b83]" started-at="2023-02-21T15:44:37 IST" name="test_account_Registration" finished-at="2023-02-21T15:44:43 IST" duration-ms="5961" status="PASS">
          <reporter-output>
          </reporter-output>
        </test-method> <!-- test_account_Registration -->
        <test-method is-config="true" signature="tearDown()[pri:0, instance:testCases.TC_001AccountRegistrationTest@6dc17b83]" started-at="2023-02-21T15:44:43 IST" name="tearDown" finished-at="2023-02-21T15:44:44 IST" duration-ms="1358" status="PASS">
          <reporter-output>
          </reporter-output>
        </test-method> <!-- tearDown -->
      </class> <!-- testCases.TC_001AccountRegistrationTest -->
      <class name="testCases.TC_003_LoginDataDrivenTest">
        <test-method is-config="true" signature="setup(java.lang.String)[pri:0, instance:testCases.TC_003_LoginDataDrivenTest@47af7f3d]" started-at="2023-02-21T15:44:55 IST" name="setup" finished-at="2023-02-21T15:45:01 IST" duration-ms="6338" status="PASS">
          <params>
            <param index="0">
              <value>
                <![CDATA[chrome]]>
              </value>
            </param>
          </params>
          <reporter-output>
          </reporter-output>
        </test-method> <!-- setup -->
        <test-method signature="test_LoginDDT(java.lang.String,java.lang.String,java.lang.String)[pri:0, instance:testCases.TC_003_LoginDataDrivenTest@47af7f3d]" started-at="2023-02-21T15:45:08 IST" name="test_LoginDDT" data-provider="LoginData" finished-at="2023-02-21T15:45:11 IST" duration-ms="3612" status="PASS">
          <params>
            <param index="0">
              <value>
                <![CDATA[admin@gmail.com]]>
              </value>
            </param>
            <param index="1">
              <value>
                <![CDATA[admin]]>
              </value>
            </param>
            <param index="2">
              <value>
                <![CDATA[valid]]>
              </value>
            </param>
          </params>
          <reporter-output>
          </reporter-output>
        </test-method> <!-- test_LoginDDT -->
        <test-method signature="test_LoginDDT(java.lang.String,java.lang.String,java.lang.String)[pri:0, instance:testCases.TC_003_LoginDataDrivenTest@47af7f3d]" started-at="2023-02-21T15:45:11 IST" name="test_LoginDDT" data-provider="LoginData" finished-at="2023-02-21T15:45:23 IST" duration-ms="12098" status="PASS">
          <params>
            <param index="0">
              <value>
                <![CDATA[karthik1@gmail.com]]>
              </value>
            </param>
            <param index="1">
              <value>
                <![CDATA[test@123]]>
              </value>
            </param>
            <param index="2">
              <value>
                <![CDATA[invalid]]>
              </value>
            </param>
          </params>
          <reporter-output>
          </reporter-output>
        </test-method> <!-- test_LoginDDT -->
        <test-method signature="test_LoginDDT(java.lang.String,java.lang.String,java.lang.String)[pri:0, instance:testCases.TC_003_LoginDataDrivenTest@47af7f3d]" started-at="2023-02-21T15:45:23 IST" name="test_LoginDDT" data-provider="LoginData" finished-at="2023-02-21T15:45:35 IST" duration-ms="11817" status="PASS">
          <params>
            <param index="0">
              <value>
                <![CDATA[karthik12@gmail.com]]>
              </value>
            </param>
            <param index="1">
              <value>
                <![CDATA[1233]]>
              </value>
            </param>
            <param index="2">
              <value>
                <![CDATA[invalid]]>
              </value>
            </param>
          </params>
          <reporter-output>
          </reporter-output>
        </test-method> <!-- test_LoginDDT -->
        <test-method signature="test_LoginDDT(java.lang.String,java.lang.String,java.lang.String)[pri:0, instance:testCases.TC_003_LoginDataDrivenTest@47af7f3d]" started-at="2023-02-21T15:45:35 IST" name="test_LoginDDT" data-provider="LoginData" finished-at="2023-02-21T15:45:47 IST" duration-ms="11686" status="PASS">
          <params>
            <param index="0">
              <value>
                <![CDATA[kaerg@gmail.com]]>
              </value>
            </param>
            <param index="1">
              <value>
                <![CDATA[abc123]]>
              </value>
            </param>
            <param index="2">
              <value>
                <![CDATA[invalid]]>
              </value>
            </param>
          </params>
          <reporter-output>
          </reporter-output>
        </test-method> <!-- test_LoginDDT -->
        <test-method signature="test_LoginDDT(java.lang.String,java.lang.String,java.lang.String)[pri:0, instance:testCases.TC_003_LoginDataDrivenTest@47af7f3d]" started-at="2023-02-21T15:45:47 IST" name="test_LoginDDT" data-provider="LoginData" finished-at="2023-02-21T15:45:49 IST" duration-ms="1848" status="PASS">
          <params>
            <param index="0">
              <value>
                <![CDATA[karthik1234@gmail.com]]>
              </value>
            </param>
            <param index="1">
              <value>
                <![CDATA[test@123]]>
              </value>
            </param>
            <param index="2">
              <value>
                <![CDATA[vaild]]>
              </value>
            </param>
          </params>
          <reporter-output>
          </reporter-output>
        </test-method> <!-- test_LoginDDT -->
        <test-method is-config="true" signature="tearDown()[pri:0, instance:testCases.TC_003_LoginDataDrivenTest@47af7f3d]" started-at="2023-02-21T15:45:49 IST" name="tearDown" finished-at="2023-02-21T15:45:49 IST" duration-ms="362" status="PASS">
          <reporter-output>
          </reporter-output>
        </test-method> <!-- tearDown -->
      </class> <!-- testCases.TC_003_LoginDataDrivenTest -->
    </test> <!-- Test -->
  </suite> <!-- Suite -->
</testng-results>
